[2024-05-21 13:22:04] [INFO]    [OmnipathR] Welcome to OmnipathR!
[2024-05-21 13:22:04] [INFO]    [OmnipathR] Setting up new cache directory `/home/macrh/.cache/OmnipathR`.
[2024-05-21 13:22:04] [TRACE]   [OmnipathR] Reading JSON from `/home/macrh/.cache/OmnipathR/cache.json` (encoding: UTF-8).
[2024-05-21 13:22:04] [TRACE]   [OmnipathR] JSON validation successful: TRUE
[2024-05-21 13:22:04] [INFO]    [OmnipathR] Initialized cache: `/home/macrh/.cache/OmnipathR`.
[2024-05-21 13:22:04] [TRACE]   [OmnipathR] Reading JSON from `/opt/conda/envs/topart_calculator/lib/R/library/OmnipathR/db/db_def.json` (encoding: UTF-8).
[2024-05-21 13:22:04] [TRACE]   [OmnipathR] JSON validation successful: TRUE
[2024-05-21 13:22:04] [TRACE]   [OmnipathR] Reading JSON from `/opt/conda/envs/topart_calculator/lib/R/library/OmnipathR/internal/magic_bytes.json` (encoding: UTF-8).
[2024-05-21 13:22:04] [TRACE]   [OmnipathR] JSON validation successful: TRUE
[2024-05-21 13:22:04] [TRACE]   [OmnipathR] Reading JSON from `/opt/conda/envs/topart_calculator/lib/R/library/OmnipathR/internal/urls.json` (encoding: UTF-8).
[2024-05-21 13:22:04] [TRACE]   [OmnipathR] JSON validation successful: TRUE
[2024-05-21 13:22:04] [TRACE]   [OmnipathR] Reading JSON from `/opt/conda/envs/topart_calculator/lib/R/library/OmnipathR/internal/id_types.json` (encoding: UTF-8).
[2024-05-21 13:22:04] [TRACE]   [OmnipathR] JSON validation successful: TRUE
[2024-05-21 13:22:05] [TRACE]   [OmnipathR] Reading JSON from `https://omnipathdb.org/resources` (encoding: UTF-8).
[2024-05-21 13:22:05] [TRACE]   [OmnipathR] JSON validation successful: TRUE
[2024-05-21 13:22:05] [INFO]    [OmnipathR] Loading database `Ensembl and OMA organism names`.
[2024-05-21 13:22:05] [TRACE]   [OmnipathR] Reading JSON from `/home/macrh/.cache/OmnipathR/cache.json` (encoding: UTF-8).
[2024-05-21 13:22:05] [TRACE]   [OmnipathR] JSON validation successful: TRUE
[2024-05-21 13:22:05] [INFO]    [OmnipathR] Looking up in cache `https://www.ensembl.org/info/about/species.html`: key=7332486db7400730697234bad76ca0c8e4d00799, no version available.
[2024-05-21 13:22:05] [TRACE]   [OmnipathR] Reading JSON from `/home/macrh/.cache/OmnipathR/cache.json` (encoding: UTF-8).
[2024-05-21 13:22:05] [TRACE]   [OmnipathR] JSON validation successful: TRUE
[2024-05-21 13:22:05] [INFO]    [OmnipathR] Created new version for cache record 7332486db7400730697234bad76ca0c8e4d00799: version 1.
[2024-05-21 13:22:05] [TRACE]   [OmnipathR] Cache file path: /home/macrh/.cache/OmnipathR/7332486db7400730697234bad76ca0c8e4d00799-1.html
[2024-05-21 13:22:05] [INFO]    [OmnipathR] Retrieving URL: `https://www.ensembl.org/info/about/species.html`
[2024-05-21 13:22:05] [TRACE]   [OmnipathR] Attempt 1/3: `https://www.ensembl.org/info/about/species.html`
[2024-05-21 13:22:06] [TRACE]   [OmnipathR] HTTP 200
[2024-05-21 13:22:06] [INFO]    [OmnipathR] Download ready [key=7332486db7400730697234bad76ca0c8e4d00799, version=1]
[2024-05-21 13:22:06] [TRACE]   [OmnipathR] Reading JSON from `/home/macrh/.cache/OmnipathR/cache.json` (encoding: UTF-8).
[2024-05-21 13:22:06] [TRACE]   [OmnipathR] JSON validation successful: TRUE
[2024-05-21 13:22:06] [INFO]    [OmnipathR] Cache item `7332486db7400730697234bad76ca0c8e4d00799` version 1: status changed from `unknown` to `ready`.
[2024-05-21 13:22:06] [TRACE]   [OmnipathR] Looking up in cache: `https://omabrowser.org/All/oma-species.txt`.
[2024-05-21 13:22:06] [INFO]    [OmnipathR] Cache record does not exist: `https://omabrowser.org/All/oma-species.txt`
[2024-05-21 13:22:06] [TRACE]   [OmnipathR] Could not find in cache, initiating download: `https://omabrowser.org/All/oma-species.txt`.
[2024-05-21 13:22:06] [TRACE]   [OmnipathR] Reading JSON from `/home/macrh/.cache/OmnipathR/cache.json` (encoding: UTF-8).
[2024-05-21 13:22:06] [TRACE]   [OmnipathR] JSON validation successful: TRUE
[2024-05-21 13:22:06] [TRACE]   [OmnipathR] Reading JSON from `/home/macrh/.cache/OmnipathR/cache.json` (encoding: UTF-8).
[2024-05-21 13:22:06] [TRACE]   [OmnipathR] JSON validation successful: TRUE
[2024-05-21 13:22:06] [INFO]    [OmnipathR] Cache item `30e690cbb55dfc63b5903ab337f34ffc2f4be397` version 1: status changed from `unknown` to `started`.
[2024-05-21 13:22:06] [TRACE]   [OmnipathR] Exporting object to RDS: `/home/macrh/.cache/OmnipathR/30e690cbb55dfc63b5903ab337f34ffc2f4be397-1.rds`.
[2024-05-21 13:22:06] [INFO]    [OmnipathR] Retrieving URL: `https://omabrowser.org/All/oma-species.txt`
[2024-05-21 13:22:06] [TRACE]   [OmnipathR] Attempt 1/3: `https://omabrowser.org/All/oma-species.txt`
[2024-05-21 13:22:06] [TRACE]   [OmnipathR] Exported RDS to `/home/macrh/.cache/OmnipathR/30e690cbb55dfc63b5903ab337f34ffc2f4be397-1.rds`.
[2024-05-21 13:22:06] [INFO]    [OmnipathR] Download ready [key=30e690cbb55dfc63b5903ab337f34ffc2f4be397, version=1]
[2024-05-21 13:22:06] [TRACE]   [OmnipathR] Reading JSON from `/home/macrh/.cache/OmnipathR/cache.json` (encoding: UTF-8).
[2024-05-21 13:22:06] [TRACE]   [OmnipathR] JSON validation successful: TRUE
[2024-05-21 13:22:06] [INFO]    [OmnipathR] Cache item `30e690cbb55dfc63b5903ab337f34ffc2f4be397` version 1: status changed from `started` to `ready`.
[2024-05-21 13:22:07] [INFO]    [OmnipathR] Loaded database `Ensembl and OMA organism names`.
[2024-05-21 13:22:07] [TRACE]   [OmnipathR] Reading JSON from `https://omnipathdb.org/resources` (encoding: UTF-8).
[2024-05-21 13:22:07] [TRACE]   [OmnipathR] JSON validation successful: TRUE
[2024-05-21 13:22:07] [TRACE]   [OmnipathR] Looking up in cache: `https://omnipathdb.org/annotations?resources=PROGENy&license=academic`
[2024-05-21 13:22:07] [INFO]    [OmnipathR] Cache record does not exist: `https://omnipathdb.org/annotations?resources=PROGENy&license=academic`
[2024-05-21 13:22:07] [TRACE]   [OmnipathR] Looking up in cache: `http://no-tls.omnipathdb.org/annotations?resources=PROGENy&license=academic`
[2024-05-21 13:22:07] [INFO]    [OmnipathR] Cache record does not exist: `http://no-tls.omnipathdb.org/annotations?resources=PROGENy&license=academic`
[2024-05-21 13:22:07] [TRACE]   [OmnipathR] Attempting `https://omnipathdb.org/annotations?resources=PROGENy&license=academic`
[2024-05-21 13:22:07] [INFO]    [OmnipathR] Retrieving URL: `https://omnipathdb.org/annotations?resources=PROGENy&license=academic`
[2024-05-21 13:22:07] [TRACE]   [OmnipathR] Attempt 1/3: `https://omnipathdb.org/annotations?resources=PROGENy&license=academic`
[2024-05-21 13:22:10] [INFO]    [OmnipathR] Successfully retrieved: `https://omnipathdb.org/annotations?resources=PROGENy&license=academic`
[2024-05-21 13:22:10] [TRACE]   [OmnipathR] Reading JSON from `/home/macrh/.cache/OmnipathR/cache.json` (encoding: UTF-8).
[2024-05-21 13:22:10] [TRACE]   [OmnipathR] JSON validation successful: TRUE
[2024-05-21 13:22:10] [TRACE]   [OmnipathR] Reading JSON from `/home/macrh/.cache/OmnipathR/cache.json` (encoding: UTF-8).
[2024-05-21 13:22:10] [TRACE]   [OmnipathR] JSON validation successful: TRUE
[2024-05-21 13:22:10] [INFO]    [OmnipathR] Cache item `3492392585ba05414edfae46801492076437d7e7` version 1: status changed from `unknown` to `started`.
[2024-05-21 13:22:10] [TRACE]   [OmnipathR] Exporting object to RDS: `/home/macrh/.cache/OmnipathR/3492392585ba05414edfae46801492076437d7e7-1.rds`.
[2024-05-21 13:22:12] [TRACE]   [OmnipathR] Exported RDS to `/home/macrh/.cache/OmnipathR/3492392585ba05414edfae46801492076437d7e7-1.rds`.
[2024-05-21 13:22:12] [INFO]    [OmnipathR] Download ready [key=3492392585ba05414edfae46801492076437d7e7, version=1]
[2024-05-21 13:22:12] [TRACE]   [OmnipathR] Reading JSON from `/home/macrh/.cache/OmnipathR/cache.json` (encoding: UTF-8).
[2024-05-21 13:22:12] [TRACE]   [OmnipathR] JSON validation successful: TRUE
[2024-05-21 13:22:12] [INFO]    [OmnipathR] Cache item `3492392585ba05414edfae46801492076437d7e7` version 1: status changed from `started` to `ready`.
[2024-05-21 13:22:12] [SUCCESS] [OmnipathR] Downloaded 700239 annotation records.
